Using pre-set license
Built from '2020.3/staging' branch; Version is '2020.3.30f1 (1fb1bf06830e) revision 2077119'; Using compiler version '192528614'; Build Type 'Release'
OS: 'Windows 10  (10.0.19044) 64bit Professional' Language: 'pt' Physical Memory: 8060 MB
BatchMode: 1, IsHumanControllingUs: 0, StartBugReporterOnCrash: 0, Is64bit: 1, IsPro: 0

COMMAND LINE ARGUMENTS:
C:\Program Files\Unity\Hub\Editor\2020.3.30f1\Editor\Unity.exe
-adb2
-batchMode
-noUpm
-name
AssetImportWorker1
-projectPath
D:/Users/adm/Downloads/Battle
-logFile
Logs/AssetImportWorker1.log
-srvPort
65230
Successfully changed project path to: D:/Users/adm/Downloads/Battle
D:/Users/adm/Downloads/Battle
Using Asset Import Pipeline V2.
Refreshing native plugins compatible for Editor in 52.45 ms, found 2 plugins.
Preloading 0 native plugins for Editor in 0.00 ms.
Initialize engine version: 2020.3.30f1 (1fb1bf06830e)
[Subsystems] Discovering subsystems at path C:/Program Files/Unity/Hub/Editor/2020.3.30f1/Editor/Data/Resources/UnitySubsystems
[Subsystems] Discovering subsystems at path D:/Users/adm/Downloads/Battle/Assets
GfxDevice: creating device client; threaded=0
Direct3D:
    Version:  Direct3D 11.0 [level 11.1]
    Renderer: Intel(R) HD Graphics 630 (ID=0x5912)
    Vendor:   
    VRAM:     4030 MB
    Driver:   27.20.100.8682
Initialize mono
Mono path[0] = 'C:/Program Files/Unity/Hub/Editor/2020.3.30f1/Editor/Data/Managed'
Mono path[1] = 'C:/Program Files/Unity/Hub/Editor/2020.3.30f1/Editor/Data/MonoBleedingEdge/lib/mono/unityjit'
Mono config path = 'C:/Program Files/Unity/Hub/Editor/2020.3.30f1/Editor/Data/MonoBleedingEdge/etc'
Using monoOptions --debugger-agent=transport=dt_socket,embedding=1,server=y,suspend=n,address=127.0.0.1:56484
Begin MonoManager ReloadAssembly
Registering precompiled unity dll's ...
Register platform support module: C:/Program Files/Unity/Hub/Editor/2020.3.30f1/Editor/Data/PlaybackEngines/WindowsStandaloneSupport/UnityEditor.WindowsStandalone.Extensions.dll
Registered in 0.002281 seconds.
Native extension for WindowsStandalone target not found
Refreshing native plugins compatible for Editor in 66.46 ms, found 2 plugins.
Preloading 0 native plugins for Editor in 0.00 ms.
Mono: successfully reloaded assembly
- Completed reload, in  0.788 seconds
Domain Reload Profiling:
	ReloadAssembly (788ms)
		BeginReloadAssembly (66ms)
			ExecutionOrderSort (0ms)
			DisableScriptedObjects (0ms)
			BackupInstance (0ms)
			ReleaseScriptingObjects (0ms)
			CreateAndSetChildDomain (1ms)
		EndReloadAssembly (648ms)
			LoadAssemblies (63ms)
			RebuildTransferFunctionScriptingTraits (0ms)
			SetupTypeCache (239ms)
			ReleaseScriptCaches (0ms)
			RebuildScriptCaches (45ms)
			SetupLoadedEditorAssemblies (209ms)
				LogAssemblyErrors (0ms)
				InitializePlatformSupportModulesInManaged (4ms)
				SetLoadedEditorAssemblies (0ms)
				RefreshPlugins (67ms)
				BeforeProcessingInitializeOnLoad (9ms)
				ProcessInitializeOnLoadAttributes (98ms)
				ProcessInitializeOnLoadMethodAttributes (31ms)
				AfterProcessingInitializeOnLoad (0ms)
				EditorAssembliesLoaded (0ms)
			ExecutionOrderSort2 (0ms)
			AwakeInstancesAfterBackupRestoration (0ms)
Platform modules already initialized, skipping
Registering precompiled user dll's ...
Registered in 0.004398 seconds.
Begin MonoManager ReloadAssembly
Native extension for WindowsStandalone target not found
Refreshing native plugins compatible for Editor in 0.58 ms, found 2 plugins.
Preloading 0 native plugins for Editor in 0.00 ms.
Mono: successfully reloaded assembly
- Completed reload, in  2.489 seconds
Domain Reload Profiling:
	ReloadAssembly (2490ms)
		BeginReloadAssembly (169ms)
			ExecutionOrderSort (0ms)
			DisableScriptedObjects (5ms)
			BackupInstance (0ms)
			ReleaseScriptingObjects (0ms)
			CreateAndSetChildDomain (25ms)
		EndReloadAssembly (2222ms)
			LoadAssemblies (1397ms)
			RebuildTransferFunctionScriptingTraits (0ms)
			SetupTypeCache (363ms)
			ReleaseScriptCaches (0ms)
			RebuildScriptCaches (49ms)
			SetupLoadedEditorAssemblies (331ms)
				LogAssemblyErrors (0ms)
				InitializePlatformSupportModulesInManaged (4ms)
				SetLoadedEditorAssemblies (0ms)
				RefreshPlugins (1ms)
				BeforeProcessingInitializeOnLoad (61ms)
				ProcessInitializeOnLoadAttributes (242ms)
				ProcessInitializeOnLoadMethodAttributes (13ms)
				AfterProcessingInitializeOnLoad (9ms)
				EditorAssembliesLoaded (1ms)
			ExecutionOrderSort2 (0ms)
			AwakeInstancesAfterBackupRestoration (6ms)
Platform modules already initialized, skipping
========================================================================
Worker process is ready to serve import requests
Launched and connected shader compiler UnityShaderCompiler.exe after 0.09 seconds
Refreshing native plugins compatible for Editor in 0.75 ms, found 2 plugins.
Preloading 0 native plugins for Editor in 0.00 ms.
Unloading 1949 Unused Serialized files (Serialized files now loaded: 0)
System memory in use before: 189.2 MB.
System memory in use after: 189.3 MB.

Unloading 22 unused Assets to reduce memory usage. Loaded Objects now: 2433.
Total: 6.350000 ms (FindLiveObjects: 0.219500 ms CreateObjectMapping: 0.104700 ms MarkObjects: 5.533200 ms  DeleteObjects: 0.491400 ms)

AssetImportParameters requested are different than current active one (requested -> active):
  custom:framework-win-MediaFoundation: 216162199b28c13a410421893ffa2e32 -> 
  custom:video-decoder-ogg-theora: a1e56fd34408186e4bbccfd4996cb3dc -> 
  custom:container-muxer-webm: aa71ff27fc2769a1b78a27578f13a17b -> 
  custom:container-demuxer-webm: 4f35f7cbe854078d1ac9338744f61a02 -> 
  custom:container-demuxer-ogg: 62fdf1f143b41e24485cea50d1cbac27 -> 
  custom:video-encoder-webm-vp8: eb34c28f22e8b96e1ab97ce403110664 -> 
  custom:video-codec-MediaFoundation-h265: 746d11721c4dcdbdad8f713fa42b33f4 -> 
  custom:video-decoder-webm-vp8: 9c59270c3fd7afecdb556c50c9e8de78 -> 
  custom:audio-decoder-ogg-vorbis: bf7c407c2cedff20999df2af8eb42d56 -> 
  custom:audio-encoder-webm-vorbis: bf7c407c2cedff20999df2af8eb42d56 -> 
========================================================================
Received Import Request.
  path: Assets/New Terrain 10.asset
  artifactKey: Guid(82569fc49a2da5146a1af991318fff8b) Importer(815301076,1909f56bfc062723c751e8b465ee728b)
Start importing Assets/New Terrain 10.asset using Guid(82569fc49a2da5146a1af991318fff8b) Importer(815301076,1909f56bfc062723c751e8b465ee728b)  -> (artifact id: '8e5dafc36a5799471e4f9b54686efa0f') in 0.255477 seconds 
========================================================================
Received Import Request.
  Time since last request: 0.000256 seconds.
  path: Assets/New Terrain 12.asset
  artifactKey: Guid(fc56d2435a409a6489a32c5aaa01e388) Importer(815301076,1909f56bfc062723c751e8b465ee728b)
Start importing Assets/New Terrain 12.asset using Guid(fc56d2435a409a6489a32c5aaa01e388) Importer(815301076,1909f56bfc062723c751e8b465ee728b)  -> (artifact id: '75fd02762060ff205dff095f76c31469') in 2.811015 seconds 
========================================================================
Received Import Request.
  Time since last request: 0.000309 seconds.
  path: Assets/New Terrain 2.asset
  artifactKey: Guid(d76b4faf31a87e04284e22820ea27e0b) Importer(815301076,1909f56bfc062723c751e8b465ee728b)
Start importing Assets/New Terrain 2.asset using Guid(d76b4faf31a87e04284e22820ea27e0b) Importer(815301076,1909f56bfc062723c751e8b465ee728b)  -> (artifact id: '422b83dbec27083996e1576ed80987e1') in 0.324610 seconds 
========================================================================
Received Import Request.
  Time since last request: 0.000224 seconds.
  path: Assets/New Terrain 1.asset
  artifactKey: Guid(bf13f66f78f19c145bc8666c01e61e31) Importer(815301076,1909f56bfc062723c751e8b465ee728b)
Start importing Assets/New Terrain 1.asset using Guid(bf13f66f78f19c145bc8666c01e61e31) Importer(815301076,1909f56bfc062723c751e8b465ee728b)  -> (artifact id: '2fa976e3f92d13fc2c42963e81701a72') in 0.216253 seconds 
========================================================================
Received Import Request.
  Time since last request: 0.000269 seconds.
  path: Assets/New Terrain 5.asset
  artifactKey: Guid(f138feb1fdcc09c4f9137e09beab18c6) Importer(815301076,1909f56bfc062723c751e8b465ee728b)
Start importing Assets/New Terrain 5.asset using Guid(f138feb1fdcc09c4f9137e09beab18c6) Importer(815301076,1909f56bfc062723c751e8b465ee728b)  -> (artifact id: '20c7664bd335a05deedf93c67f77231c') in 0.090871 seconds 
========================================================================
Received Import Request.
  Time since last request: 0.000345 seconds.
  path: Assets/New Terrain 6.asset
  artifactKey: Guid(d0effb0a8ba2e1d4fb541856593f471c) Importer(815301076,1909f56bfc062723c751e8b465ee728b)
Start importing Assets/New Terrain 6.asset using Guid(d0effb0a8ba2e1d4fb541856593f471c) Importer(815301076,1909f56bfc062723c751e8b465ee728b)  -> (artifact id: 'f44662a401a839acd4e5e9169ff8b737') in 0.077382 seconds 
========================================================================
Received Import Request.
  Time since last request: 0.000352 seconds.
  path: Assets/New Terrain 8.asset
  artifactKey: Guid(e7ce331ae2a878443bb0090c5891f1a8) Importer(815301076,1909f56bfc062723c751e8b465ee728b)
Start importing Assets/New Terrain 8.asset using Guid(e7ce331ae2a878443bb0090c5891f1a8) Importer(815301076,1909f56bfc062723c751e8b465ee728b)  -> (artifact id: 'e974de31ff94ab3d3a34f1e4bd877182') in 0.244383 seconds 
========================================================================
Received Import Request.
  Time since last request: 0.000288 seconds.
  path: Assets/New Terrain.asset
  artifactKey: Guid(d96fbd6a1bba5664b9f849da527ce3f8) Importer(815301076,1909f56bfc062723c751e8b465ee728b)
Start importing Assets/New Terrain.asset using Guid(d96fbd6a1bba5664b9f849da527ce3f8) Importer(815301076,1909f56bfc062723c751e8b465ee728b)  -> (artifact id: 'e1470f3041362758742f60092db9c531') in 0.279869 seconds 
========================================================================
Received Import Request.
  Time since last request: 0.000334 seconds.
  path: Assets/New Terrain 7.asset
  artifactKey: Guid(ea4aecefa89231f43b46bd715b042e7d) Importer(815301076,1909f56bfc062723c751e8b465ee728b)
Start importing Assets/New Terrain 7.asset using Guid(ea4aecefa89231f43b46bd715b042e7d) Importer(815301076,1909f56bfc062723c751e8b465ee728b)  -> (artifact id: 'fab4d905eaddbdcbef206f4082fdecd0') in 0.109122 seconds 
========================================================================
Received Import Request.
  Time since last request: 0.000433 seconds.
  path: Assets/New Terrain 9.asset
  artifactKey: Guid(6777eab52071d9344b612d6ec9d02eae) Importer(815301076,1909f56bfc062723c751e8b465ee728b)
Start importing Assets/New Terrain 9.asset using Guid(6777eab52071d9344b612d6ec9d02eae) Importer(815301076,1909f56bfc062723c751e8b465ee728b)  -> (artifact id: 'af9438f72318b592d96b5c9fc71fc08d') in 0.037983 seconds 
========================================================================
Received Import Request.
  Time since last request: 0.000307 seconds.
  path: Assets/New Terrain 4.asset
  artifactKey: Guid(acb80dea93c91484e9b7e70da1e5eb26) Importer(815301076,1909f56bfc062723c751e8b465ee728b)
Start importing Assets/New Terrain 4.asset using Guid(acb80dea93c91484e9b7e70da1e5eb26) Importer(815301076,1909f56bfc062723c751e8b465ee728b)  -> (artifact id: '11c2c3c01bbdb4d019510d9433d50d54') in 0.303179 seconds 
========================================================================
Received Import Request.
  Time since last request: 0.000266 seconds.
  path: Assets/NewLayer 1.terrainlayer
  artifactKey: Guid(5a2c09f06c4cf18418f69649a6e53755) Importer(815301076,1909f56bfc062723c751e8b465ee728b)
Start importing Assets/NewLayer 1.terrainlayer using Guid(5a2c09f06c4cf18418f69649a6e53755) Importer(815301076,1909f56bfc062723c751e8b465ee728b)  -> (artifact id: '95fcaef1695975291cc0491dbcd7c037') in 0.177332 seconds 
========================================================================
Received Import Request.
  Time since last request: 0.001688 seconds.
  path: Assets/New Terrain 3.asset
  artifactKey: Guid(857814a29cea19c449bf7b0bb05ee235) Importer(815301076,1909f56bfc062723c751e8b465ee728b)
Start importing Assets/New Terrain 3.asset using Guid(857814a29cea19c449bf7b0bb05ee235) Importer(815301076,1909f56bfc062723c751e8b465ee728b)  -> (artifact id: '3dcb68dbfe081d6c4ced2baafc149138') in 0.392580 seconds 
========================================================================
Received Import Request.
  Time since last request: 0.000315 seconds.
  path: Assets/NewLayer.terrainlayer
  artifactKey: Guid(654de43556169c64abc4d4d909fe87ea) Importer(815301076,1909f56bfc062723c751e8b465ee728b)
Start importing Assets/NewLayer.terrainlayer using Guid(654de43556169c64abc4d4d909fe87ea) Importer(815301076,1909f56bfc062723c751e8b465ee728b)  -> (artifact id: 'be4a4a72036f84e5994c4396e82df9f0') in 0.074219 seconds 
========================================================================
Received Import Request.
  Time since last request: 0.000277 seconds.
  path: Assets/New Terrain 11.asset
  artifactKey: Guid(e35d8e4589cbb6e47929c29120bd9136) Importer(815301076,1909f56bfc062723c751e8b465ee728b)
Start importing Assets/New Terrain 11.asset using Guid(e35d8e4589cbb6e47929c29120bd9136) Importer(815301076,1909f56bfc062723c751e8b465ee728b)  -> (artifact id: '3cd8c040519dd17f084e2edf9432e444') in 3.823003 seconds 
AssetImportWorkerClient::OnTransportError - code=2 error=End of file
